Copyright 1986-2019 Xilinx, Inc. All Rights Reserved.
------------------------------------------------------------------------------------
| Tool Version : Vivado v.2019.1 (win64) Build 2552052 Fri May 24 14:49:42 MDT 2019
| Date         : Fri Jan  9 18:11:43 2026
| Host         : DESKTOP-SRILAF4 running 64-bit major release  (build 7600)
| Command      : upgrade_ip
| Device       : xc7a100tcsg324-1
------------------------------------------------------------------------------------

Upgrade Log for IP 'design_1_accelerator_Blit1to2_0_0'

1. Summary
----------

SUCCESS in the upgrade of design_1_accelerator_Blit1to2_0_0 (xilinx.com:user:accelerator_Blit1to2:1.0) from (Rev. 6) to (Rev. 7)






Copyright 1986-2019 Xilinx, Inc. All Rights Reserved.
------------------------------------------------------------------------------------
| Tool Version : Vivado v.2019.1 (win64) Build 2552052 Fri May 24 14:49:42 MDT 2019
| Date         : Fri Jan  9 17:30:45 2026
| Host         : DESKTOP-SRILAF4 running 64-bit major release  (build 7600)
| Command      : upgrade_ip
| Device       : xc7a100tcsg324-1
------------------------------------------------------------------------------------

Upgrade Log for IP 'design_1_key_driver_pb_0_0'

1. Summary
----------

SUCCESS in the upgrade of design_1_key_driver_pb_0_0 (xilinx.com:user:key_driver_pb:1.0) from (Rev. 8) to (Rev. 9)






Copyright 1986-2019 Xilinx, Inc. All Rights Reserved.
------------------------------------------------------------------------------------
| Tool Version : Vivado v.2019.1 (win64) Build 2552052 Fri May 24 14:49:42 MDT 2019
| Date         : Fri Jan  9 17:19:06 2026
| Host         : DESKTOP-SRILAF4 running 64-bit major release  (build 7600)
| Command      : upgrade_ip
| Device       : xc7a100tcsg324-1
------------------------------------------------------------------------------------

Upgrade Log for IP 'design_1_any_reg_space_v1_0_S_0_0'

1. Summary
----------

SUCCESS in the conversion of design_1_any_reg_space_v1_0_S_0_0 (xilinx.com:module_ref:any_reg_space_v1_0_S00_AXI:1.0 (Rev. 1)) to Vivado generation flows.






Copyright 1986-2019 Xilinx, Inc. All Rights Reserved.
------------------------------------------------------------------------------------
| Tool Version : Vivado v.2019.1 (win64) Build 2552052 Fri May 24 14:49:42 MDT 2019
| Date         : Fri Jan  9 17:19:06 2026
| Host         : DESKTOP-SRILAF4 running 64-bit major release  (build 7600)
| Command      : upgrade_ip
| Device       : xc7a100tcsg324-1
------------------------------------------------------------------------------------

Upgrade Log for IP 'design_1_accelerator_Blit1to2_0_0'

1. Summary
----------

SUCCESS in the conversion of design_1_accelerator_Blit1to2_0_0 (xilinx.com:user:accelerator_Blit1to2:1.0 (Rev. 6)) to Vivado generation flows.






Copyright 1986-2019 Xilinx, Inc. All Rights Reserved.
------------------------------------------------------------------------------------
| Tool Version : Vivado v.2019.1 (win64) Build 2552052 Fri May 24 14:49:42 MDT 2019
| Date         : Fri Jan  9 16:26:19 2026
| Host         : DESKTOP-SRILAF4 running 64-bit major release  (build 7600)
| Command      : upgrade_ip
| Device       : xc7a100tcsg324-1
------------------------------------------------------------------------------------

Upgrade Log for IP 'design_1_accelerator_Blit1to2_0_0'

1. Summary
----------

SUCCESS in the conversion of design_1_accelerator_Blit1to2_0_0 (xilinx.com:user:accelerator_Blit1to2:1.0 (Rev. 6)) to Vivado generation flows.






Copyright 1986-2019 Xilinx, Inc. All Rights Reserved.
------------------------------------------------------------------------------------
| Tool Version : Vivado v.2019.1 (win64) Build 2552052 Fri May 24 14:49:42 MDT 2019
| Date         : Fri Jan  9 14:38:55 2026
| Host         : DESKTOP-SRILAF4 running 64-bit major release  (build 7600)
| Command      : upgrade_ip
| Device       : xc7a100tcsg324-1
------------------------------------------------------------------------------------

Upgrade Log for IP 'design_1_accelerator_Blit1to2_0_0'

1. Summary
----------

SUCCESS in the upgrade of design_1_accelerator_Blit1to2_0_0 (xilinx.com:user:accelerator_Blit1to2:1.0) from (Rev. 5) to (Rev. 6)






Copyright 1986-2019 Xilinx, Inc. All Rights Reserved.
------------------------------------------------------------------------------------
| Tool Version : Vivado v.2019.1 (win64) Build 2552052 Fri May 24 14:49:42 MDT 2019
| Date         : Thu Jan  8 21:58:50 2026
| Host         : DESKTOP-SRILAF4 running 64-bit major release  (build 7600)
| Command      : upgrade_ip
| Device       : xc7a100tcsg324-1
------------------------------------------------------------------------------------

Upgrade Log for IP 'design_1_accelerator_Blit1to2_0_0'

1. Summary
----------

SUCCESS in the upgrade of design_1_accelerator_Blit1to2_0_0 (xilinx.com:user:accelerator_Blit1to2:1.0) from (Rev. 4) to (Rev. 5)






Copyright 1986-2019 Xilinx, Inc. All Rights Reserved.
------------------------------------------------------------------------------------
| Tool Version : Vivado v.2019.1 (win64) Build 2552052 Fri May 24 14:49:42 MDT 2019
| Date         : Thu Jan  8 19:24:06 2026
| Host         : DESKTOP-SRILAF4 running 64-bit major release  (build 7600)
| Command      : upgrade_ip
| Device       : xc7a100tcsg324-1
------------------------------------------------------------------------------------

Upgrade Log for IP 'design_1_accelerator_Blit1to2_0_0'

1. Summary
----------

SUCCESS in the upgrade of design_1_accelerator_Blit1to2_0_0 (xilinx.com:user:accelerator_Blit1to2:1.0) from (Rev. 3) to (Rev. 4)






Copyright 1986-2019 Xilinx, Inc. All Rights Reserved.
------------------------------------------------------------------------------------
| Tool Version : Vivado v.2019.1 (win64) Build 2552052 Fri May 24 14:49:42 MDT 2019
| Date         : Thu Jan  8 16:22:19 2026
| Host         : DESKTOP-SRILAF4 running 64-bit major release  (build 7600)
| Command      : upgrade_ip
| Device       : xc7a100tcsg324-1
------------------------------------------------------------------------------------

Upgrade Log for IP 'design_1_accelerator_Blit1to2_0_0'

1. Summary
----------

SUCCESS in the upgrade of design_1_accelerator_Blit1to2_0_0 (xilinx.com:user:accelerator_Blit1to2:1.0) from (Rev. 2) to (Rev. 3)






Copyright 1986-2019 Xilinx, Inc. All Rights Reserved.
------------------------------------------------------------------------------------
| Tool Version : Vivado v.2019.1 (win64) Build 2552052 Fri May 24 14:49:42 MDT 2019
| Date         : Thu Jan  8 15:39:03 2026
| Host         : DESKTOP-SRILAF4 running 64-bit major release  (build 7600)
| Command      : upgrade_ip
| Device       : xc7a100tcsg324-1
------------------------------------------------------------------------------------

Upgrade Log for IP 'design_1_accelerator_Blit1to2_0_0'

1. Summary
----------

CAUTION (success, with warnings) in the upgrade of design_1_accelerator_Blit1to2_0_0 (xilinx.com:user:accelerator_Blit1to2:1.0) from (Rev. 1) to (Rev. 2)

After upgrade, an IP may have parameter and port differences compared to the original customization. Please review the parameters within the IP customization GUI to ensure proper functionality. Also, please review the updated IP instantiation template to ensure proper connectivity, and update your design if required.

2. Interface Information
------------------------

Detected external interface differences while upgrading 'design_1_accelerator_Blit1to2_0_0'.


-Upgrade has removed interface 'M00_AXIS_CLK'

-Upgrade has removed interface 'M00_AXIS_RST'

-Upgrade has removed interface 'S00_AXIS_CLK'

-Upgrade has removed interface 'S00_AXIS_RST'


3. Connection Warnings
----------------------

Detected external port differences while upgrading 'design_1_accelerator_Blit1to2_0_0'. These changes may impact your design.


-Upgrade has removed port 'm00_axis_aclk'

-Upgrade has removed port 'm00_axis_aresetn'

-Upgrade has removed port 'm00_axis_tstrb'

-Upgrade has removed port 's00_axis_aclk'

-Upgrade has removed port 's00_axis_aresetn'

-Upgrade has removed port 's00_axis_tstrb'


4. Customization warnings
-------------------------

Parameter 'C_S00_AXIS_TDATA_WIDTH' is no longer present on the upgraded IP 'design_1_accelerator_Blit1to2_0_0', and cannot be set to '32'

Parameter 'C_M00_AXIS_TDATA_WIDTH' is no longer present on the upgraded IP 'design_1_accelerator_Blit1to2_0_0', and cannot be set to '32'

Parameter 'C_M00_AXIS_START_COUNT' is no longer present on the upgraded IP 'design_1_accelerator_Blit1to2_0_0', and cannot be set to '32'


5. Debug Commands
-----------------

  The following debug information can be passed to Vivado as Tcl commands,
in order to validate or debug the output of the upgrade flow.
  You may consult any warnings from within this upgrade, and alter or remove
the configuration parameter(s) which caused the warning; then execute the Tcl
commands, and use the IP Customization GUI to verify the IP configuration.

create_ip -vlnv xilinx.com:user:accelerator_Blit1to2:1.0 -user_name design_1_accelerator_Blit1to2_0_0
set_property -dict "\
  CONFIG.C_S00_AXI_ADDR_WIDTH {6} \
  CONFIG.C_S00_AXI_BASEADDR {0xFFFFFFFF} \
  CONFIG.C_S00_AXI_DATA_WIDTH {32} \
  CONFIG.C_S00_AXI_HIGHADDR {0x00000000} \
  CONFIG.Component_Name {design_1_accelerator_Blit1to2_0_0} \
  CONFIG.M00_AXIS.CLK_DOMAIN {} \
  CONFIG.M00_AXIS.FREQ_HZ {100000000} \
  CONFIG.M00_AXIS.HAS_TKEEP {0} \
  CONFIG.M00_AXIS.HAS_TLAST {1} \
  CONFIG.M00_AXIS.HAS_TREADY {1} \
  CONFIG.M00_AXIS.HAS_TSTRB {1} \
  CONFIG.M00_AXIS.INSERT_VIP {0} \
  CONFIG.M00_AXIS.LAYERED_METADATA {undef} \
  CONFIG.M00_AXIS.PHASE {0.000} \
  CONFIG.M00_AXIS.TDATA_NUM_BYTES {4} \
  CONFIG.M00_AXIS.TDEST_WIDTH {0} \
  CONFIG.M00_AXIS.TID_WIDTH {0} \
  CONFIG.M00_AXIS.TUSER_WIDTH {0} \
  CONFIG.M00_AXIS.WIZ_DATA_WIDTH {32} \
  CONFIG.S00_AXI.ADDR_WIDTH {6} \
  CONFIG.S00_AXI.ARUSER_WIDTH {0} \
  CONFIG.S00_AXI.AWUSER_WIDTH {0} \
  CONFIG.S00_AXI.BUSER_WIDTH {0} \
  CONFIG.S00_AXI.CLK_DOMAIN {} \
  CONFIG.S00_AXI.DATA_WIDTH {32} \
  CONFIG.S00_AXI.FREQ_HZ {100000000} \
  CONFIG.S00_AXI.HAS_BRESP {1} \
  CONFIG.S00_AXI.HAS_BURST {0} \
  CONFIG.S00_AXI.HAS_CACHE {0} \
  CONFIG.S00_AXI.HAS_LOCK {0} \
  CONFIG.S00_AXI.HAS_PROT {1} \
  CONFIG.S00_AXI.HAS_QOS {0} \
  CONFIG.S00_AXI.HAS_REGION {0} \
  CONFIG.S00_AXI.HAS_RRESP {1} \
  CONFIG.S00_AXI.HAS_WSTRB {1} \
  CONFIG.S00_AXI.ID_WIDTH {0} \
  CONFIG.S00_AXI.INSERT_VIP {0} \
  CONFIG.S00_AXI.MAX_BURST_LENGTH {1} \
  CONFIG.S00_AXI.NUM_READ_OUTSTANDING {1} \
  CONFIG.S00_AXI.NUM_READ_THREADS {1} \
  CONFIG.S00_AXI.NUM_WRITE_OUTSTANDING {1} \
  CONFIG.S00_AXI.NUM_WRITE_THREADS {1} \
  CONFIG.S00_AXI.PHASE {0.000} \
  CONFIG.S00_AXI.PROTOCOL {AXI4LITE} \
  CONFIG.S00_AXI.READ_WRITE_MODE {READ_WRITE} \
  CONFIG.S00_AXI.RUSER_BITS_PER_BYTE {0} \
  CONFIG.S00_AXI.RUSER_WIDTH {0} \
  CONFIG.S00_AXI.SUPPORTS_NARROW_BURST {0} \
  CONFIG.S00_AXI.WIZ_DATA_WIDTH {32} \
  CONFIG.S00_AXI.WIZ_NUM_REG {16} \
  CONFIG.S00_AXI.WUSER_BITS_PER_BYTE {0} \
  CONFIG.S00_AXI.WUSER_WIDTH {0} \
  CONFIG.S00_AXIS.CLK_DOMAIN {} \
  CONFIG.S00_AXIS.FREQ_HZ {100000000} \
  CONFIG.S00_AXIS.HAS_TKEEP {0} \
  CONFIG.S00_AXIS.HAS_TLAST {1} \
  CONFIG.S00_AXIS.HAS_TREADY {1} \
  CONFIG.S00_AXIS.HAS_TSTRB {1} \
  CONFIG.S00_AXIS.INSERT_VIP {0} \
  CONFIG.S00_AXIS.LAYERED_METADATA {undef} \
  CONFIG.S00_AXIS.PHASE {0.000} \
  CONFIG.S00_AXIS.TDATA_NUM_BYTES {4} \
  CONFIG.S00_AXIS.TDEST_WIDTH {0} \
  CONFIG.S00_AXIS.TID_WIDTH {0} \
  CONFIG.S00_AXIS.TUSER_WIDTH {0} \
  CONFIG.S00_AXIS.WIZ_DATA_WIDTH {32} \
  CONFIG.S00_AXI_CLK.ASSOCIATED_BUSIF {S00_AXI} \
  CONFIG.S00_AXI_CLK.ASSOCIATED_RESET {s00_axi_aresetn} \
  CONFIG.S00_AXI_CLK.CLK_DOMAIN {} \
  CONFIG.S00_AXI_CLK.FREQ_HZ {100000000} \
  CONFIG.S00_AXI_CLK.INSERT_VIP {0} \
  CONFIG.S00_AXI_CLK.PHASE {0.000} \
  CONFIG.S00_AXI_RST.INSERT_VIP {0} \
  CONFIG.S00_AXI_RST.POLARITY {ACTIVE_LOW} " [get_ips design_1_accelerator_Blit1to2_0_0]







Copyright 1986-2019 Xilinx, Inc. All Rights Reserved.
------------------------------------------------------------------------------------
| Tool Version : Vivado v.2019.1 (win64) Build 2552052 Fri May 24 14:49:42 MDT 2019
| Date         : Mon Jan  5 21:59:37 2026
| Host         : DESKTOP-SRILAF4 running 64-bit major release  (build 7600)
| Command      : upgrade_ip
| Device       : xc7a100tcsg324-1
------------------------------------------------------------------------------------

Upgrade Log for IP 'design_1_key_driver_pb_0_0'

1. Summary
----------

SUCCESS in the upgrade of design_1_key_driver_pb_0_0 (xilinx.com:user:key_driver_pb:1.0) from (Rev. 7) to (Rev. 8)






Copyright 1986-2019 Xilinx, Inc. All Rights Reserved.
------------------------------------------------------------------------------------
| Tool Version : Vivado v.2019.1 (win64) Build 2552052 Fri May 24 14:49:42 MDT 2019
| Date         : Mon Jan  5 20:45:37 2026
| Host         : DESKTOP-SRILAF4 running 64-bit major release  (build 7600)
| Command      : upgrade_ip
| Device       : xc7a100tcsg324-1
------------------------------------------------------------------------------------

Upgrade Log for IP 'design_1_key_driver_pb_0_0'

1. Summary
----------

SUCCESS in the upgrade of design_1_key_driver_pb_0_0 (xilinx.com:user:key_driver_pb:1.0) from (Rev. 6) to (Rev. 7)






Copyright 1986-2019 Xilinx, Inc. All Rights Reserved.
------------------------------------------------------------------------------------
| Tool Version : Vivado v.2019.1 (win64) Build 2552052 Fri May 24 14:49:42 MDT 2019
| Date         : Mon Jan  5 19:59:14 2026
| Host         : DESKTOP-SRILAF4 running 64-bit major release  (build 7600)
| Command      : upgrade_ip
| Device       : xc7a100tcsg324-1
------------------------------------------------------------------------------------

Upgrade Log for IP 'design_1_key_driver_pb_0_0'

1. Summary
----------

SUCCESS in the upgrade of design_1_key_driver_pb_0_0 (xilinx.com:user:key_driver_pb:1.0) from (Rev. 5) to (Rev. 6)






Copyright 1986-2019 Xilinx, Inc. All Rights Reserved.
------------------------------------------------------------------------------------
| Tool Version : Vivado v.2019.1 (win64) Build 2552052 Fri May 24 14:49:42 MDT 2019
| Date         : Mon Jan  5 19:05:56 2026
| Host         : DESKTOP-SRILAF4 running 64-bit major release  (build 7600)
| Command      : upgrade_ip
| Device       : xc7a100tcsg324-1
------------------------------------------------------------------------------------

Upgrade Log for IP 'design_1_key_driver_pb_0_0'

1. Summary
----------

SUCCESS in the upgrade of design_1_key_driver_pb_0_0 (xilinx.com:user:key_driver_pb:1.0) from (Rev. 4) to (Rev. 5)






Copyright 1986-2019 Xilinx, Inc. All Rights Reserved.
------------------------------------------------------------------------------------
| Tool Version : Vivado v.2019.1 (win64) Build 2552052 Fri May 24 14:49:42 MDT 2019
| Date         : Mon Jan  5 17:37:38 2026
| Host         : DESKTOP-SRILAF4 running 64-bit major release  (build 7600)
| Command      : upgrade_ip
| Device       : xc7a100tcsg324-1
------------------------------------------------------------------------------------

Upgrade Log for IP 'design_1_key_driver_pb_0_0'

1. Summary
----------

CAUTION (success, with warnings) in the upgrade of design_1_key_driver_pb_0_0 (xilinx.com:user:key_driver_pb:1.0) from (Rev. 3) to (Rev. 4)

After upgrade, an IP may have parameter and port differences compared to the original customization. Please review the parameters within the IP customization GUI to ensure proper functionality. Also, please review the updated IP instantiation template to ensure proper connectivity, and update your design if required.

2. Connection Warnings
----------------------

Detected external port differences while upgrading 'design_1_key_driver_pb_0_0'. These changes may impact your design.


-Upgrade has added port 'ps2_clk'

-Upgrade has added port 'ps2_data'







Copyright 1986-2019 Xilinx, Inc. All Rights Reserved.
------------------------------------------------------------------------------------
| Tool Version : Vivado v.2019.1 (win64) Build 2552052 Fri May 24 14:49:42 MDT 2019
| Date         : Sun Jan  4 19:46:37 2026
| Host         : DESKTOP-SRILAF4 running 64-bit major release  (build 7600)
| Command      : upgrade_ip
| Device       : xc7a100tcsg324-1
------------------------------------------------------------------------------------

Upgrade Log for IP 'design_1_key_driver_pb_0_0'

1. Summary
----------

CAUTION (success, with warnings) in the upgrade of design_1_key_driver_pb_0_0 (xilinx.com:user:key_driver_pb:1.0) from (Rev. 1) to (Rev. 3)

After upgrade, an IP may have parameter and port differences compared to the original customization. Please review the parameters within the IP customization GUI to ensure proper functionality. Also, please review the updated IP instantiation template to ensure proper connectivity, and update your design if required.

2. Connection Warnings
----------------------

Detected external port differences while upgrading 'design_1_key_driver_pb_0_0'. These changes may impact your design.


-Upgrade has added port 'btn_C'

-Upgrade has added port 'btn_D'

-Upgrade has added port 'btn_L'

-Upgrade has added port 'btn_R'

-Upgrade has added port 'btn_U'


